<?xml version="1.0" encoding="UTF-8"?>
<testng-results skipped="0" failed="1" ignored="0" total="1" passed="0">
  <reporter-output>
  </reporter-output>
  <suite name="Suite" duration-ms="23656" started-at="2018-05-18T05:38:35Z" finished-at="2018-05-18T05:38:58Z">
    <groups>
    </groups>
    <test name="Test" duration-ms="23656" started-at="2018-05-18T05:38:35Z" finished-at="2018-05-18T05:38:58Z">
      <class name="com.hdfc.load.eduloan.NewWeekEnd2.TestNG">
        <test-method status="PASS" signature="beforeClass(java.lang.String)[pri:0, instance:com.hdfc.load.eduloan.NewWeekEnd2.TestNG@77f99a05]" name="beforeClass" is-config="true" duration-ms="18189" started-at="2018-05-18T05:38:35Z" finished-at="2018-05-18T05:38:53Z">
          <params>
            <param index="0">
              <value>
                <![CDATA[chrome]]>
              </value>
            </param>
          </params>
          <reporter-output>
          </reporter-output>
        </test-method> <!-- beforeClass -->
        <test-method status="FAIL" signature="CustomerLogin()[pri:0, instance:com.hdfc.load.eduloan.NewWeekEnd2.TestNG@77f99a05]" name="CustomerLogin" duration-ms="5404" started-at="2018-05-18T05:38:53Z" finished-at="2018-05-18T05:38:58Z">
          <exception class="java.lang.AssertionError">
            <message>
              <![CDATA[expected [MY ACCOUNT] but found [My account]]]>
            </message>
            <full-stacktrace>
              <![CDATA[java.lang.AssertionError: expected [MY ACCOUNT] but found [My account]
at org.testng.Assert.fail(Assert.java:96)
at org.testng.Assert.failNotEquals(Assert.java:776)
at org.testng.Assert.assertEqualsImpl(Assert.java:137)
at org.testng.Assert.assertEquals(Assert.java:118)
at org.testng.Assert.assertEquals(Assert.java:453)
at org.testng.Assert.assertEquals(Assert.java:463)
at com.hdfc.load.eduloan.NewWeekEnd2.TestNG.CustomerLogin(TestNG.java:26)
at sun.reflect.NativeMethodAccessorImpl.invoke0(Native Method)
at sun.reflect.NativeMethodAccessorImpl.invoke(NativeMethodAccessorImpl.java:62)
at sun.reflect.DelegatingMethodAccessorImpl.invoke(DelegatingMethodAccessorImpl.java:43)
at java.lang.reflect.Method.invoke(Method.java:498)
at org.testng.internal.MethodInvocationHelper.invokeMethod(MethodInvocationHelper.java:124)
at org.testng.internal.Invoker.invokeMethod(Invoker.java:580)
at org.testng.internal.Invoker.invokeTestMethod(Invoker.java:716)
at org.testng.internal.Invoker.invokeTestMethods(Invoker.java:988)
at org.testng.internal.TestMethodWorker.invokeTestMethods(TestMethodWorker.java:125)
at org.testng.internal.TestMethodWorker.run(TestMethodWorker.java:109)
at org.testng.TestRunner.privateRun(TestRunner.java:648)
at org.testng.TestRunner.run(TestRunner.java:505)
at org.testng.SuiteRunner.runTest(SuiteRunner.java:455)
at org.testng.SuiteRunner.runSequentially(SuiteRunner.java:450)
at org.testng.SuiteRunner.privateRun(SuiteRunner.java:415)
at org.testng.SuiteRunner.run(SuiteRunner.java:364)
at org.testng.SuiteRunnerWorker.runSuite(SuiteRunnerWorker.java:52)
at org.testng.SuiteRunnerWorker.run(SuiteRunnerWorker.java:84)
at org.testng.TestNG.runSuitesSequentially(TestNG.java:1208)
at org.testng.TestNG.runSuitesLocally(TestNG.java:1137)
at org.testng.TestNG.runSuites(TestNG.java:1049)
at org.testng.TestNG.run(TestNG.java:1017)
at org.testng.remote.AbstractRemoteTestNG.run(AbstractRemoteTestNG.java:114)
at org.testng.remote.RemoteTestNG.initAndRun(RemoteTestNG.java:251)
at org.testng.remote.RemoteTestNG.main(RemoteTestNG.java:77)
]]>
            </full-stacktrace>
          </exception> <!-- java.lang.AssertionError -->
          <reporter-output>
          </reporter-output>
        </test-method> <!-- CustomerLogin -->
        <test-method status="PASS" signature="afterClass()[pri:0, instance:com.hdfc.load.eduloan.NewWeekEnd2.TestNG@77f99a05]" name="afterClass" is-config="true" duration-ms="0" started-at="2018-05-18T05:38:58Z" finished-at="2018-05-18T05:38:58Z">
          <reporter-output>
          </reporter-output>
        </test-method> <!-- afterClass -->
      </class> <!-- com.hdfc.load.eduloan.NewWeekEnd2.TestNG -->
    </test> <!-- Test -->
  </suite> <!-- Suite -->
</testng-results>
