<?xml version="1.0" encoding="UTF-8"?>
<!-- Generated by org.testng.reporters.JUnitXMLReporter -->
<testsuite hostname="vishnupriya-PC" ignored="0" name="1Test" tests="1" failures="1" timestamp="15 May 2018 07:47:05 GMT" time="40.518" errors="0">
  <testcase name="linkTesting" time="1.238" classname="com.hdfc.load.eduloan.NewWeekEnd2.LinkTesting">
    <failure type="org.openqa.selenium.WebDriverException" message="Element is not clickable at point (1034.86669921875, 26.916671752929688). Other element would receive the click: &amp;lt;div tabindex=&amp;quot;-1&amp;quot; class=&amp;quot;_2ISNhP _3AOFWO&amp;quot;&amp;gt;&amp;lt;/div&amp;gt;
Command duration or timeout: 1.03 seconds
Build info: version: &amp;apos;2.53.1&amp;apos;, revision: &amp;apos;a36b8b1cd5757287168e54b817830adce9b0158d&amp;apos;, time: &amp;apos;2016-06-30 19:26:09&amp;apos;
System info: host: &amp;apos;vishnupriya-PC&amp;apos;, ip: &amp;apos;192.168.0.17&amp;apos;, os.name: &amp;apos;Windows 7&amp;apos;, os.arch: &amp;apos;amd64&amp;apos;, os.version: &amp;apos;6.1&amp;apos;, java.version: &amp;apos;1.8.0_101&amp;apos;
Driver info: org.openqa.selenium.firefox.FirefoxDriver
Capabilities [{applicationCacheEnabled=true, rotatable=false, handlesAlerts=true, databaseEnabled=true, version=46.0, platform=WINDOWS, nativeEvents=false, acceptSslCerts=true, webStorageEnabled=true, locationContextEnabled=true, browserName=firefox, takesScreenshot=true, javascriptEnabled=true, cssSelectorsEnabled=true}]
Session ID: 2a507744-6658-48c4-a7ff-ca7333ec0508">
      <![CDATA[org.openqa.selenium.WebDriverException: Element is not clickable at point (1034.86669921875, 26.916671752929688). Other element would receive the click: <div tabindex="-1" class="_2ISNhP _3AOFWO"></div>
Command duration or timeout: 1.03 seconds
Build info: version: '2.53.1', revision: 'a36b8b1cd5757287168e54b817830adce9b0158d', time: '2016-06-30 19:26:09'
System info: host: 'vishnupriya-PC', ip: '192.168.0.17', os.name: 'Windows 7', os.arch: 'amd64', os.version: '6.1', java.version: '1.8.0_101'
Driver info: org.openqa.selenium.firefox.FirefoxDriver
Capabilities [{applicationCacheEnabled=true, rotatable=false, handlesAlerts=true, databaseEnabled=true, version=46.0, platform=WINDOWS, nativeEvents=false, acceptSslCerts=true, webStorageEnabled=true, locationContextEnabled=true, browserName=firefox, takesScreenshot=true, javascriptEnabled=true, cssSelectorsEnabled=true}]
Session ID: 2a507744-6658-48c4-a7ff-ca7333ec0508
at org.openqa.selenium.remote.ErrorHandler.createThrowable(ErrorHandler.java:206)
at org.openqa.selenium.remote.ErrorHandler.throwIfResponseFailed(ErrorHandler.java:158)
at org.openqa.selenium.remote.RemoteWebDriver.execute(RemoteWebDriver.java:678)
at org.openqa.selenium.remote.RemoteWebElement.execute(RemoteWebElement.java:327)
at org.openqa.selenium.remote.RemoteWebElement.click(RemoteWebElement.java:85)
at com.hdfc.load.eduloan.NewWeekEnd2.LinkTesting.linkTesting(LinkTesting.java:23)
... Removed 29 stack frames]]>
    </failure>
  </testcase> <!-- linkTesting -->
</testsuite> <!-- 1Test -->
