<?xml version="1.0" encoding="UTF-8"?>
<!-- Generated by org.testng.reporters.JUnitXMLReporter -->
<testsuite hostname="vishnupriya-PC" ignored="0" name="Test" tests="1" failures="0" timestamp="18 May 2018 06:13:43 GMT" time="0.102" errors="0">
  <testcase name="@BeforeClass StartProcess" time="0.0" classname="com.hdfc.load.eduloan.NewWeekEnd2.LinkTesting1">
    <failure type="org.testng.TestNGException" message="
Can inject only one of &amp;lt;ITestContext, XmlTest&amp;gt; into a @BeforeClass annotated StartProcess.
For more information on native dependency injection please refer to http://testng.org/doc/documentation-main.html#native-dependency-injection">
      <![CDATA[org.testng.TestNGException: 
Can inject only one of <ITestContext, XmlTest> into a @BeforeClass annotated StartProcess.
For more information on native dependency injection please refer to http://testng.org/doc/documentation-main.html#native-dependency-injection
... Removed 23 stack frames]]>
    </failure>
  </testcase> <!-- @BeforeClass StartProcess -->
  <testcase name="@AfterClass EndProcess" time="0.0" classname="com.hdfc.load.eduloan.NewWeekEnd2.LinkTesting1">
    <skipped/>
  </testcase> <!-- @AfterClass EndProcess -->
  <testcase name="SingleLink" time="0.0" classname="com.hdfc.load.eduloan.NewWeekEnd2.LinkTesting1">
    <skipped/>
  </testcase> <!-- SingleLink -->
</testsuite> <!-- Test -->
