<?xml version="1.0" encoding="UTF-8"?>
<!-- Generated by org.testng.reporters.JUnitXMLReporter -->
<testsuite hostname="vishnupriya-PC" ignored="0" name="Test" tests="1" failures="1" timestamp="18 May 2018 05:38:58 GMT" time="23.656" errors="0">
  <testcase name="CustomerLogin" time="5.404" classname="com.hdfc.load.eduloan.NewWeekEnd2.TestNG">
    <failure type="java.lang.AssertionError" message="expected [MY ACCOUNT] but found [My account]">
      <![CDATA[java.lang.AssertionError: expected [MY ACCOUNT] but found [My account]
at com.hdfc.load.eduloan.NewWeekEnd2.TestNG.CustomerLogin(TestNG.java:26)
... Removed 31 stack frames]]>
    </failure>
  </testcase> <!-- CustomerLogin -->
</testsuite> <!-- Test -->
